\BOOKMARK [1][-]{section.1}{Breakfast}{}% 1
\BOOKMARK [2][-]{subsection.1.1}{Buckwheat Pancakes}{section.1}% 2
\BOOKMARK [2][-]{subsection.1.2}{Popovers}{section.1}% 3
\BOOKMARK [2][-]{subsection.1.3}{Banana Bread}{section.1}% 4
\BOOKMARK [2][-]{subsection.1.4}{Crepes}{section.1}% 5
\BOOKMARK [2][-]{subsection.1.5}{Oatmeal Muffins}{section.1}% 6
\BOOKMARK [2][-]{subsection.1.6}{Granola}{section.1}% 7
\BOOKMARK [1][-]{section.2}{Bready things}{}% 8
\BOOKMARK [2][-]{subsection.2.1}{Classic Pizza Dough}{section.2}% 9
\BOOKMARK [2][-]{subsection.2.2}{NY Times no-knead bread}{section.2}% 10
\BOOKMARK [2][-]{subsection.2.3}{NY Times no-knead wheat bread}{section.2}% 11
\BOOKMARK [2][-]{subsection.2.4}{NY Times speedy no-knead bread}{section.2}% 12
\BOOKMARK [2][-]{subsection.2.5}{Southern-Style Cornbread}{section.2}% 13
\BOOKMARK [2][-]{subsection.2.6}{Flying Biscuits}{section.2}% 14
\BOOKMARK [2][-]{subsection.2.7}{Pita Bread}{section.2}% 15
\BOOKMARK [1][-]{section.3}{Soups}{}% 16
\BOOKMARK [2][-]{subsection.3.1}{Potage Parmentier \(leek and potato soup\)}{section.3}% 17
\BOOKMARK [2][-]{subsection.3.2}{Lemony Carrot and Cauliflower Soup}{section.3}% 18
\BOOKMARK [2][-]{subsection.3.3}{Roasted Tomato and White Bean Stew}{section.3}% 19
\BOOKMARK [2][-]{subsection.3.4}{Minestrone}{section.3}% 20
\BOOKMARK [2][-]{subsection.3.5}{French Onion Soup}{section.3}% 21
\BOOKMARK [2][-]{subsection.3.6}{Roasted Red Pepper Soup with Corn and Cilantro}{section.3}% 22
\BOOKMARK [2][-]{subsection.3.7}{Corn Chowder}{section.3}% 23
\BOOKMARK [2][-]{subsection.3.8}{Asparagus Soup}{section.3}% 24
\BOOKMARK [1][-]{section.4}{Seafood}{}% 25
\BOOKMARK [2][-]{subsection.4.1}{Fish tacos}{section.4}% 26
\BOOKMARK [2][-]{subsection.4.2}{Ultra-crisp-skinned pan-roasted fish fillets}{section.4}% 27
\BOOKMARK [2][-]{subsection.4.3}{Basil-caper relish for pan-roasted fish}{section.4}% 28
\BOOKMARK [2][-]{subsection.4.4}{Cherry tomato-shallot relish for pan-roasted fish}{section.4}% 29
\BOOKMARK [2][-]{subsection.4.5}{Poisson Piperade}{section.4}% 30
\BOOKMARK [2][-]{subsection.4.6}{Miso-Glazed Fish}{section.4}% 31
\BOOKMARK [2][-]{subsection.4.7}{Okonomiyaki}{section.4}% 32
\BOOKMARK [2][-]{subsection.4.8}{Hot Honey Shrimp}{section.4}% 33
\BOOKMARK [2][-]{subsection.4.9}{Spicy Shrimp}{section.4}% 34
\BOOKMARK [2][-]{subsection.4.10}{Easy Fish Stew With Mediterranean Flavors}{section.4}% 35
\BOOKMARK [1][-]{section.5}{Vegetables}{}% 36
\BOOKMARK [2][-]{subsection.5.1}{Black beans with green chiles and cumin \(instant pot\)}{section.5}% 37
\BOOKMARK [2][-]{subsection.5.2}{Stuffed Anaheim Chiles}{section.5}% 38
\BOOKMARK [2][-]{subsection.5.3}{Sichual-Style Smashed Cucumber Salad}{section.5}% 39
\BOOKMARK [2][-]{subsection.5.4}{Tomates et Courgettes a la Provencal}{section.5}% 40
\BOOKMARK [2][-]{subsection.5.5}{Roasted Potatoes}{section.5}% 41
\BOOKMARK [2][-]{subsection.5.6}{Roasted butternut squash and red onion with tahini and za'atar}{section.5}% 42
\BOOKMARK [1][-]{section.6}{Pasta}{}% 43
\BOOKMARK [2][-]{subsection.6.1}{Lemony Farro Pasta Salad With Goat Cheese and Mint}{section.6}% 44
\BOOKMARK [2][-]{subsection.6.2}{Spaghetti Sauce}{section.6}% 45
\BOOKMARK [2][-]{subsection.6.3}{Tomato, Goat Cheese, and Herbs Pasta}{section.6}% 46
\BOOKMARK [2][-]{subsection.6.4}{Pasta Puttanesca}{section.6}% 47
\BOOKMARK [2][-]{subsection.6.5}{Quick and easy ricotta gnocchi}{section.6}% 48
\BOOKMARK [1][-]{section.7}{Chicken}{}% 49
\BOOKMARK [2][-]{subsection.7.1}{Pressure Cooker Coconut Curry Chicken}{section.7}% 50
\BOOKMARK [2][-]{subsection.7.2}{Chicken Pot Pie}{section.7}% 51
\BOOKMARK [2][-]{subsection.7.3}{Lorraine's Chicken}{section.7}% 52
\BOOKMARK [2][-]{subsection.7.4}{Chicken thighs with shallots and cherry tomatoes}{section.7}% 53
\BOOKMARK [1][-]{section.8}{Mains}{}% 54
\BOOKMARK [2][-]{subsection.8.1}{Pressure Cooker Spicy Pork Shoulder}{section.8}% 55
\BOOKMARK [2][-]{subsection.8.2}{Mapo Tofu}{section.8}% 56
\BOOKMARK [2][-]{subsection.8.3}{Indian-style Vegetable Curry}{section.8}% 57
\BOOKMARK [2][-]{subsection.8.4}{Ratatouille and Sausage Potpie With Cornmeal Biscuits}{section.8}% 58
\BOOKMARK [2][-]{subsection.8.5}{Cassoulet a Noelle}{section.8}% 59
\BOOKMARK [1][-]{section.9}{Desserts}{}% 60
\BOOKMARK [2][-]{subsection.9.1}{Mocha Ice Cream}{section.9}% 61
\BOOKMARK [2][-]{subsection.9.2}{Easy \046 simple chocolate cake}{section.9}% 62
\BOOKMARK [2][-]{subsection.9.3}{Rhubarb \(or Apple\) Crisp}{section.9}% 63
\BOOKMARK [2][-]{subsection.9.4}{Chocolate Chunky Oatmeal Cookies}{section.9}% 64
\BOOKMARK [2][-]{subsection.9.5}{Gingersnaps}{section.9}% 65
\BOOKMARK [1][-]{section.10}{Salads, dressings, dips, salsas, and condiments}{}% 66
\BOOKMARK [2][-]{subsection.10.1}{Pickled Red Onions}{section.10}% 67
\BOOKMARK [2][-]{subsection.10.2}{Simple vinaigrette dressing}{section.10}% 68
\BOOKMARK [2][-]{subsection.10.3}{Charlie Bird's Farro Salad}{section.10}% 69
\BOOKMARK [2][-]{subsection.10.4}{Big Salad with Grains \(template\)}{section.10}% 70
\BOOKMARK [2][-]{subsection.10.5}{Roasted Cauliflower, Hazelnut and Pomegranate Seed Salad}{section.10}% 71
\BOOKMARK [2][-]{subsection.10.6}{Mango Cucumber Salsa}{section.10}% 72
\BOOKMARK [2][-]{subsection.10.7}{Grilled corn, tomato, feta, and herbs salad}{section.10}% 73
\BOOKMARK [1][-]{section.11}{Miscellaneous}{}% 74
\BOOKMARK [2][-]{subsection.11.1}{Energy Bars}{section.11}% 75
\BOOKMARK [2][-]{subsection.11.2}{Chipotle Shrimp with Corn Cakes}{section.11}% 76
\BOOKMARK [2][-]{subsection.11.3}{Spanish Tortilla}{section.11}% 77
\BOOKMARK [1][-]{section.12}{Sous Vide}{}% 78
\BOOKMARK [2][-]{subsection.12.1}{Sous Vide notes}{section.12}% 79
